######################
DBVERIFY: La ultima corrida es mayor a 1 dia de antiguedad para el servidor - - 2014-11-13.15:32:18
######################
DBVERIFY: La ultima corrida es mayor a 1 dia de antiguedad para el servidor - - 2014-11-13.15:35:11
######################
DBVERIFY: La ultima corrida es mayor a 1 dia de antiguedad para el servidor - orapk3 - 2014-11-13.15:35:46
######################
DBVERIFY: No existe ningun archivo de dbverify para el servidor - orapk3 - 2014-11-13.15:36:03
######################
DBVERIFY: No existe ningun archivo de dbverify para el servidor - orapk3 - 2014-11-13.15:38:31
######################
DBVERIFY: No existe ningun archivo de dbverify para el servidor - orapk3 - 2014-11-13.15:38:51
######################
DBVERIFY: No existe ningun archivo de dbverify para el servidor - orapk3 - 2014-11-13.15:39:15
######################
DBVERIFY: No existe ningun archivo de dbverify para el servidor - orapk3 - 2014-11-13.15:39:23
######################
DBVERIFY: No existe ningun archivo de dbverify para el servidor - orapk3 - 2014-11-13.15:40:40
DBVERIFY: No existe el directorio SAPBACKUP para el servidor - -
######################
DBVERIFY: No existe ningun archivo de dbverify para el servidor - orapk3 - 2014-11-13.15:49:54
######################
DBVERIFY: No existe ningun archivo de dbverify para el servidor - orapk3 - 2014-11-13.15:50:41
######################
DBVERIFY: No existe ningun archivo de dbverify para el servidor - orapk3 - 2014-11-13.15:52:45
